[INFO ] [Thread:main] 2019-04-12 14:24:19,083 core.tests.SupportTest.runOncePerSuite:L78 - Central setup completed.
[INFO ] [Thread:main] 2019-04-12 14:24:19,090 core.tests.SupportTest.runOncePerContext:L83 - Test context setup started for Surefire test test.
[DEBUG] [Thread:main] 2019-04-12 14:24:19,091 central.AppachhiCentral.registerContext:L70 - Loading Test Data File at Path :: D:\MoneyControlProject\target\test-classes\data/ANDROID/testdata.ini
[INFO ] [Thread:main] 2019-04-12 14:24:19,092 core.tests.SupportTest.runOncePerContext:L85 - Test context setup completed for Surefire test test.
[INFO ] [Thread:main] 2019-04-12 14:24:19,105 core.tests.SupportTest.runOncePerMethod:L97 - Set up for test method [TC01_LogInToMoneyControlApp] started.
[DEBUG] [Thread:main] 2019-04-12 14:24:19,110 core.tests.SupportTest.runOncePerMethod:L98 - Creating agent for ANDROID
[DEBUG] [Thread:main] 2019-04-12 14:24:19,112 agent.AgentFactory.createAgent:L16 - Creating agent for: ANDROID
[DEBUG] [Thread:main] 2019-04-12 14:24:19,115 agent.internal.MobileAgentFactory.createAgent:L34 - Populating desired capabilities for : ANDROID
[DEBUG] [Thread:main] 2019-04-12 14:24:19,128 agent.internal.MobileAgentFactory.createAgent:L54 - Creating mobile driver.{app=D:\MoneyControlProject\apps\MC_6.0.0.39_19_03_2019.apk, appActivity=com.moneycontrol.handheld.base.HomeActivity, appPackage=com.divum.MoneyControl, autoGrantPermissions=true, automationName=uiautomator2, browserName=android, deviceName=Android, newCommandTimeout=1500, noReset=false, platform=ANDROID, platformName=ANDROID, platformVersion=8.1.0, udid=J7AAGF006322RXD, version=}
[DEBUG] [Thread:Forwarding newSession on session null to remote] 2019-04-12 14:24:19,638 org.apache.http.client.protocol.RequestAddCookies.process:L123 - CookieSpec selected: default
[DEBUG] [Thread:Forwarding newSession on session null to remote] 2019-04-12 14:24:19,644 org.apache.http.client.protocol.RequestAuthCache.process:L77 - Auth cache not set in the context
[DEBUG] [Thread:Forwarding newSession on session null to remote] 2019-04-12 14:24:19,645 org.apache.http.impl.conn.PoolingHttpClientConnectionManager.requestConnection:L255 - Connection request: [route: {}->http://127.0.0.1:4723][total kept alive: 0; route allocated: 0 of 2000; total allocated: 0 of 2000]
[DEBUG] [Thread:Forwarding newSession on session null to remote] 2019-04-12 14:24:19,654 org.apache.http.impl.conn.PoolingHttpClientConnectionManager.leaseConnection:L288 - Connection leased: [id: 0][route: {}->http://127.0.0.1:4723][total kept alive: 0; route allocated: 1 of 2000; total allocated: 1 of 2000]
[DEBUG] [Thread:Forwarding newSession on session null to remote] 2019-04-12 14:24:19,655 org.apache.http.impl.execchain.MainClientExec.execute:L235 - Opening connection {}->http://127.0.0.1:4723
[DEBUG] [Thread:Forwarding newSession on session null to remote] 2019-04-12 14:24:19,657 org.apache.http.impl.conn.DefaultHttpClientConnectionOperator.connect:L139 - Connecting to /127.0.0.1:4723
[DEBUG] [Thread:Forwarding newSession on session null to remote] 2019-04-12 14:24:19,659 org.apache.http.impl.conn.DefaultHttpClientConnectionOperator.connect:L146 - Connection established 127.0.0.1:57594<->127.0.0.1:4723
[DEBUG] [Thread:Forwarding newSession on session null to remote] 2019-04-12 14:24:19,660 org.apache.http.impl.conn.LoggingManagedHttpClientConnection.setSocketTimeout:L88 - http-outgoing-0: set socket timeout to 10800000
[DEBUG] [Thread:Forwarding newSession on session null to remote] 2019-04-12 14:24:19,660 org.apache.http.impl.execchain.MainClientExec.execute:L256 - Executing request POST /wd/hub/session HTTP/1.1
[DEBUG] [Thread:Forwarding newSession on session null to remote] 2019-04-12 14:24:19,660 org.apache.http.impl.execchain.MainClientExec.execute:L261 - Target auth state: UNCHALLENGED
[DEBUG] [Thread:Forwarding newSession on session null to remote] 2019-04-12 14:24:19,661 org.apache.http.impl.execchain.MainClientExec.execute:L267 - Proxy auth state: UNCHALLENGED
[DEBUG] [Thread:Forwarding newSession on session null to remote] 2019-04-12 14:24:19,662 org.apache.http.impl.conn.LoggingManagedHttpClientConnection.onRequestSubmitted:L133 - http-outgoing-0 >> POST /wd/hub/session HTTP/1.1
[DEBUG] [Thread:Forwarding newSession on session null to remote] 2019-04-12 14:24:19,662 org.apache.http.impl.conn.LoggingManagedHttpClientConnection.onRequestSubmitted:L136 - http-outgoing-0 >> Content-Type: application/json; charset=utf-8
[DEBUG] [Thread:Forwarding newSession on session null to remote] 2019-04-12 14:24:19,662 org.apache.http.impl.conn.LoggingManagedHttpClientConnection.onRequestSubmitted:L136 - http-outgoing-0 >> Content-Length: 1012
[DEBUG] [Thread:Forwarding newSession on session null to remote] 2019-04-12 14:24:19,662 org.apache.http.impl.conn.LoggingManagedHttpClientConnection.onRequestSubmitted:L136 - http-outgoing-0 >> Host: 127.0.0.1:4723
[DEBUG] [Thread:Forwarding newSession on session null to remote] 2019-04-12 14:24:19,663 org.apache.http.impl.conn.LoggingManagedHttpClientConnection.onRequestSubmitted:L136 - http-outgoing-0 >> Connection: Keep-Alive
[DEBUG] [Thread:Forwarding newSession on session null to remote] 2019-04-12 14:24:19,663 org.apache.http.impl.conn.LoggingManagedHttpClientConnection.onRequestSubmitted:L136 - http-outgoing-0 >> User-Agent: Apache-HttpClient/4.5.3 (Java/1.8.0_191)
[DEBUG] [Thread:Forwarding newSession on session null to remote] 2019-04-12 14:24:19,663 org.apache.http.impl.conn.LoggingManagedHttpClientConnection.onRequestSubmitted:L136 - http-outgoing-0 >> Accept-Encoding: gzip,deflate
[DEBUG] [Thread:Forwarding newSession on session null to remote] 2019-04-12 14:24:19,663 org.apache.http.impl.conn.Wire.wire:L73 - http-outgoing-0 >> "POST /wd/hub/session HTTP/1.1[\r][\n]"
[DEBUG] [Thread:Forwarding newSession on session null to remote] 2019-04-12 14:24:19,663 org.apache.http.impl.conn.Wire.wire:L73 - http-outgoing-0 >> "Content-Type: application/json; charset=utf-8[\r][\n]"
[DEBUG] [Thread:Forwarding newSession on session null to remote] 2019-04-12 14:24:19,663 org.apache.http.impl.conn.Wire.wire:L73 - http-outgoing-0 >> "Content-Length: 1012[\r][\n]"
[DEBUG] [Thread:Forwarding newSession on session null to remote] 2019-04-12 14:24:19,663 org.apache.http.impl.conn.Wire.wire:L73 - http-outgoing-0 >> "Host: 127.0.0.1:4723[\r][\n]"
[DEBUG] [Thread:Forwarding newSession on session null to remote] 2019-04-12 14:24:19,664 org.apache.http.impl.conn.Wire.wire:L73 - http-outgoing-0 >> "Connection: Keep-Alive[\r][\n]"
[DEBUG] [Thread:Forwarding newSession on session null to remote] 2019-04-12 14:24:19,664 org.apache.http.impl.conn.Wire.wire:L73 - http-outgoing-0 >> "User-Agent: Apache-HttpClient/4.5.3 (Java/1.8.0_191)[\r][\n]"
[DEBUG] [Thread:Forwarding newSession on session null to remote] 2019-04-12 14:24:19,664 org.apache.http.impl.conn.Wire.wire:L73 - http-outgoing-0 >> "Accept-Encoding: gzip,deflate[\r][\n]"
[DEBUG] [Thread:Forwarding newSession on session null to remote] 2019-04-12 14:24:19,664 org.apache.http.impl.conn.Wire.wire:L73 - http-outgoing-0 >> "[\r][\n]"
[DEBUG] [Thread:Forwarding newSession on session null to remote] 2019-04-12 14:24:19,664 org.apache.http.impl.conn.Wire.wire:L73 - http-outgoing-0 >> "{[\n]"
[DEBUG] [Thread:Forwarding newSession on session null to remote] 2019-04-12 14:24:19,664 org.apache.http.impl.conn.Wire.wire:L73 - http-outgoing-0 >> "  "desiredCapabilities": {"app":"D:\\MoneyControlProject\\apps\\MC_6.0.0.39_19_03_2019.apk","appActivity":"com.moneycontrol.handheld.base.HomeActivity","appPackage":"com.divum.MoneyControl","autoGrantPermissions":true,"automationName":"uiautomator2","browserName":"android","deviceName":"Android","newCommandTimeout":1500,"noReset":false,"platform":"ANDROID","platformName":"ANDROID","platformVersion":"8.1.0","udid":"J7AAGF006322RXD","version":""},[\n]"
[DEBUG] [Thread:Forwarding newSession on session null to remote] 2019-04-12 14:24:19,664 org.apache.http.impl.conn.Wire.wire:L73 - http-outgoing-0 >> "  "capabilities": {[\n]"
[DEBUG] [Thread:Forwarding newSession on session null to remote] 2019-04-12 14:24:19,665 org.apache.http.impl.conn.Wire.wire:L73 - http-outgoing-0 >> "    "desiredCapabilities": {"app":"D:\\MoneyControlProject\\apps\\MC_6.0.0.39_19_03_2019.apk","appActivity":"com.moneycontrol.handheld.base.HomeActivity","appPackage":"com.divum.MoneyControl","autoGrantPermissions":true,"automationName":"uiautomator2","browserName":"android","deviceName":"Android","newCommandTimeout":1500,"noReset":false,"platform":"ANDROID","platformName":"ANDROID","platformVersion":"8.1.0","udid":"J7AAGF006322RXD","version":""},[\n]"
[DEBUG] [Thread:Forwarding newSession on session null to remote] 2019-04-12 14:24:19,665 org.apache.http.impl.conn.Wire.wire:L73 - http-outgoing-0 >> "    "firstMatch": [[\n]"
[DEBUG] [Thread:Forwarding newSession on session null to remote] 2019-04-12 14:24:19,665 org.apache.http.impl.conn.Wire.wire:L73 - http-outgoing-0 >> "      {"browserName":"android","platformName":"android"}[\n]"
[DEBUG] [Thread:Forwarding newSession on session null to remote] 2019-04-12 14:24:19,665 org.apache.http.impl.conn.Wire.wire:L73 - http-outgoing-0 >> "    ][\n]"
[DEBUG] [Thread:Forwarding newSession on session null to remote] 2019-04-12 14:24:19,665 org.apache.http.impl.conn.Wire.wire:L73 - http-outgoing-0 >> "  }[\n]"
[DEBUG] [Thread:Forwarding newSession on session null to remote] 2019-04-12 14:24:19,665 org.apache.http.impl.conn.Wire.wire:L87 - http-outgoing-0 >> "}"
[DEBUG] [Thread:Forwarding newSession on session null to remote] 2019-04-12 14:26:02,222 org.apache.http.impl.conn.Wire.wire:L73 - http-outgoing-0 << "HTTP/1.1 500 Internal Server Error[\r][\n]"
[DEBUG] [Thread:Forwarding newSession on session null to remote] 2019-04-12 14:26:02,222 org.apache.http.impl.conn.Wire.wire:L73 - http-outgoing-0 << "X-Powered-By: Express[\r][\n]"
[DEBUG] [Thread:Forwarding newSession on session null to remote] 2019-04-12 14:26:02,222 org.apache.http.impl.conn.Wire.wire:L73 - http-outgoing-0 << "Access-Control-Allow-Origin: *[\r][\n]"
[DEBUG] [Thread:Forwarding newSession on session null to remote] 2019-04-12 14:26:02,222 org.apache.http.impl.conn.Wire.wire:L73 - http-outgoing-0 << "Access-Control-Allow-Methods: GET,POST,PUT,OPTIONS,DELETE[\r][\n]"
[DEBUG] [Thread:Forwarding newSession on session null to remote] 2019-04-12 14:26:02,223 org.apache.http.impl.conn.Wire.wire:L73 - http-outgoing-0 << "Access-Control-Allow-Headers: origin, content-type, accept[\r][\n]"
[DEBUG] [Thread:Forwarding newSession on session null to remote] 2019-04-12 14:26:02,223 org.apache.http.impl.conn.Wire.wire:L73 - http-outgoing-0 << "Vary: X-HTTP-Method-Override[\r][\n]"
[DEBUG] [Thread:Forwarding newSession on session null to remote] 2019-04-12 14:26:02,223 org.apache.http.impl.conn.Wire.wire:L73 - http-outgoing-0 << "Content-Type: application/json; charset=utf-8[\r][\n]"
[DEBUG] [Thread:Forwarding newSession on session null to remote] 2019-04-12 14:26:02,223 org.apache.http.impl.conn.Wire.wire:L73 - http-outgoing-0 << "Content-Length: 583[\r][\n]"
[DEBUG] [Thread:Forwarding newSession on session null to remote] 2019-04-12 14:26:02,223 org.apache.http.impl.conn.Wire.wire:L73 - http-outgoing-0 << "ETag: W/"247-dL4ZMBj6OEFJTKJgnU69HaoHXHI"[\r][\n]"
[DEBUG] [Thread:Forwarding newSession on session null to remote] 2019-04-12 14:26:02,223 org.apache.http.impl.conn.Wire.wire:L73 - http-outgoing-0 << "Date: Fri, 12 Apr 2019 08:56:02 GMT[\r][\n]"
[DEBUG] [Thread:Forwarding newSession on session null to remote] 2019-04-12 14:26:02,223 org.apache.http.impl.conn.Wire.wire:L73 - http-outgoing-0 << "Connection: keep-alive[\r][\n]"
[DEBUG] [Thread:Forwarding newSession on session null to remote] 2019-04-12 14:26:02,223 org.apache.http.impl.conn.Wire.wire:L73 - http-outgoing-0 << "[\r][\n]"
[DEBUG] [Thread:Forwarding newSession on session null to remote] 2019-04-12 14:26:02,224 org.apache.http.impl.conn.Wire.wire:L87 - http-outgoing-0 << "{"status":13,"value":{"message":"An unknown server-side error occurred while processing the command. Original error: Error occured while starting App. Original error: Error executing adbExec. Original error: 'Command 'C\\:\\\\Users\\\\Kshitiz\\\\AppData\\\\Local\\\\Android\\\\Sdk_old\\\\platform-tools\\\\adb.exe -P 5037 -s J7AAGF006322RXD shell am start -W -n com.divum.MoneyControl/com.moneycontrol.handheld.base.HomeActivity -S -a android.intent.action.MAIN -c android.intent.category.LAUNCHER -f 0x10200000' timed out after 20000ms'; Stderr: ''; Code: 'null'"},"sessionId":null}"
[DEBUG] [Thread:Forwarding newSession on session null to remote] 2019-04-12 14:26:02,226 org.apache.http.impl.conn.LoggingManagedHttpClientConnection.onResponseReceived:L122 - http-outgoing-0 << HTTP/1.1 500 Internal Server Error
[DEBUG] [Thread:Forwarding newSession on session null to remote] 2019-04-12 14:26:02,226 org.apache.http.impl.conn.LoggingManagedHttpClientConnection.onResponseReceived:L125 - http-outgoing-0 << X-Powered-By: Express
[DEBUG] [Thread:Forwarding newSession on session null to remote] 2019-04-12 14:26:02,226 org.apache.http.impl.conn.LoggingManagedHttpClientConnection.onResponseReceived:L125 - http-outgoing-0 << Access-Control-Allow-Origin: *
[DEBUG] [Thread:Forwarding newSession on session null to remote] 2019-04-12 14:26:02,226 org.apache.http.impl.conn.LoggingManagedHttpClientConnection.onResponseReceived:L125 - http-outgoing-0 << Access-Control-Allow-Methods: GET,POST,PUT,OPTIONS,DELETE
[DEBUG] [Thread:Forwarding newSession on session null to remote] 2019-04-12 14:26:02,227 org.apache.http.impl.conn.LoggingManagedHttpClientConnection.onResponseReceived:L125 - http-outgoing-0 << Access-Control-Allow-Headers: origin, content-type, accept
[DEBUG] [Thread:Forwarding newSession on session null to remote] 2019-04-12 14:26:02,227 org.apache.http.impl.conn.LoggingManagedHttpClientConnection.onResponseReceived:L125 - http-outgoing-0 << Vary: X-HTTP-Method-Override
[DEBUG] [Thread:Forwarding newSession on session null to remote] 2019-04-12 14:26:02,227 org.apache.http.impl.conn.LoggingManagedHttpClientConnection.onResponseReceived:L125 - http-outgoing-0 << Content-Type: application/json; charset=utf-8
[DEBUG] [Thread:Forwarding newSession on session null to remote] 2019-04-12 14:26:02,227 org.apache.http.impl.conn.LoggingManagedHttpClientConnection.onResponseReceived:L125 - http-outgoing-0 << Content-Length: 583
[DEBUG] [Thread:Forwarding newSession on session null to remote] 2019-04-12 14:26:02,227 org.apache.http.impl.conn.LoggingManagedHttpClientConnection.onResponseReceived:L125 - http-outgoing-0 << ETag: W/"247-dL4ZMBj6OEFJTKJgnU69HaoHXHI"
[DEBUG] [Thread:Forwarding newSession on session null to remote] 2019-04-12 14:26:02,227 org.apache.http.impl.conn.LoggingManagedHttpClientConnection.onResponseReceived:L125 - http-outgoing-0 << Date: Fri, 12 Apr 2019 08:56:02 GMT
[DEBUG] [Thread:Forwarding newSession on session null to remote] 2019-04-12 14:26:02,227 org.apache.http.impl.conn.LoggingManagedHttpClientConnection.onResponseReceived:L125 - http-outgoing-0 << Connection: keep-alive
[DEBUG] [Thread:Forwarding newSession on session null to remote] 2019-04-12 14:26:02,230 org.apache.http.impl.execchain.MainClientExec.execute:L285 - Connection can be kept alive indefinitely
[DEBUG] [Thread:Forwarding newSession on session null to remote] 2019-04-12 14:26:02,231 org.apache.http.impl.conn.PoolingHttpClientConnectionManager.releaseConnection:L320 - Connection [id: 0][route: {}->http://127.0.0.1:4723] can be kept alive indefinitely
[DEBUG] [Thread:Forwarding newSession on session null to remote] 2019-04-12 14:26:02,231 org.apache.http.impl.conn.PoolingHttpClientConnectionManager.releaseConnection:L326 - Connection released: [id: 0][route: {}->http://127.0.0.1:4723][total kept alive: 1; route allocated: 1 of 2000; total allocated: 1 of 2000]
[DEBUG] [Thread:main] 2019-04-12 14:26:02,247 agent.AgentFactory.createAgent:L27 - Failure in Creating agent for: ANDROID
